#
# A fatal error has been detected by the Java Runtime Environment:
#
#  EXCEPTION_ACCESS_VIOLATION (0xc0000005) at pc=0x0000000140a16748, pid=1100, tid=3988
#
# JRE version: 6.0_17-b04
# Java VM: Java HotSpot(TM) 64-Bit Server VM (14.3-b01 mixed mode windows-amd64 )
# Problematic frame:
# C  0x0000000140a16748
#
# If you would like to submit a bug report, please visit:
#   http://java.sun.com/webapps/bugreport/crash.jsp
# The crash happened outside the Java Virtual Machine in native code.
# See problematic frame for where to report the bug.
#

---------------  T H R E A D  ---------------

Current thread (0x00000000563cc000):  JavaThread "Thread-381" [_thread_in_native, id=3988, stack(0x0000000100000000,0x0000000104000000)]

siginfo: ExceptionCode=0xc0000005, reading address 0x0000000000000013

Registers:
EAX=0x00000000000592b7, EBX=0x0000000000000002, ECX=0x00000000592b7fe0, EDX=0x0000000000000006
ESP=0x0000000103ffe3f0, EBP=0x00000000592b7000, ESI=0x00000000592b7000, EDI=0x0000000000000000
EIP=0x0000000140a16748, EFLAGS=0x0000000000010202

Top of Stack: (sp=0x0000000103ffe3f0)
0x0000000103ffe3f0:   000000000dc42000 0000000140a168db
0x0000000103ffe400:   8000000000000001 0000000000000000
0x0000000103ffe410:   8000000000000001 0000000000000000
0x0000000103ffe420:   000000000dc4f600 00000000040f0000
0x0000000103ffe430:   0000000063a4a454 0000000140a16c63
0x0000000103ffe440:   0000000000000002 00000000592b7fe0
0x0000000103ffe450:   0000000103ffe4c0 00000000040f0000
0x0000000103ffe460:   000000008007000e 000007fefc017d64
0x0000000103ffe470:   0000000000000006 0000000000000003
0x0000000103ffe480:   00000000040f0298 000000000da72028
0x0000000103ffe490:   000000000dba5a90 000007fefc00d710
0x0000000103ffe4a0:   00000000000b0003 0000000063a4a45c
0x0000000103ffe4b0:   0000000063a4a454 000000005940dc20
0x0000000103ffe4c0:   0000000000000000 000007fefb722b30
0x0000000103ffe4d0:   0000000063a4a45c 0000000000000012
0x0000000103ffe4e0:   0000000000000001 000000000dbeeeb0 

Instructions: (pc=0x0000000140a16748)
0x0000000140a16738:   00 75 28 49 8b 9c de d8 08 00 00 48 85 db 74 20
0x0000000140a16748:   0f b6 43 11 41 3b c0 75 17 41 83 f8 01 0f 85 80 


Stack: [0x0000000100000000,0x0000000104000000],  sp=0x0000000103ffe3f0,  free space=65528k
Native frames: (J=compiled Java code, j=interpreted, Vv=VM code, C=native code)
C  0x0000000140a16748

Java frames: (J=compiled Java code, j=interpreted, Vv=VM code)
j  com.mathworks.util.NativeJava.showNativeFileDialogMulti(JZLjava/lang/String;Ljava/lang/String;Ljava/lang/String;Ljava/lang/String;ZZLjava/lang/String;I)Ljava/lang/Object;+0
j  com.mathworks.mwswing.MJFileChooserPerPlatform$RunnableNativeDispatch.runNative()V+37
j  com.mathworks.mwswing.MJFileChooserPerPlatform$RunnableNativeDispatch.runWindows()V+22
j  com.mathworks.mwswing.MJFileChooserPerPlatform$RunnableNativeDispatch.run()V+7
j  java.lang.Thread.run()V+11
v  ~StubRoutines::call_stub

---------------  P R O C E S S  ---------------

Java Threads: ( => current thread )
=>0x00000000563cc000 JavaThread "Thread-381" [_thread_in_native, id=3988, stack(0x0000000100000000,0x0000000104000000)]
  0x00000000563d0000 JavaThread "Code Analyzer updating thread" [_thread_blocked, id=7856, stack(0x0000000152330000,0x0000000156330000)]
  0x00000000563cf800 JavaThread "Code Analyzer updating thread" [_thread_blocked, id=7964, stack(0x000000001e4a0000,0x00000000224a0000)]
  0x0000000056eb6000 JavaThread "Code Analyzer updating thread" [_thread_blocked, id=8140, stack(0x000000015a330000,0x000000015e330000)]
  0x0000000056eb7000 JavaThread "pool-1-thread-1" [_thread_blocked, id=8276, stack(0x000000001a4a0000,0x000000001e4a0000)]
  0x00000000563d1800 JavaThread "Code Analyzer updating thread" [_thread_blocked, id=1948, stack(0x0000000110000000,0x0000000114000000)]
  0x00000000563d1000 JavaThread "Foxtrot Single Worker Thread #1" daemon [_thread_blocked, id=6764, stack(0x00000000f4000000,0x00000000f8000000)]
  0x0000000056eb1800 JavaThread "Prefs Updater" daemon [_thread_blocked, id=9204, stack(0x00000000f0000000,0x00000000f4000000)]
  0x0000000056eb3800 JavaThread "Timer-2" daemon [_thread_blocked, id=1460, stack(0x0000000138000000,0x000000013c000000)]
  0x0000000056eb0800 JavaThread "com.jniwrapper.NativeResourceCollector" daemon [_thread_blocked, id=7592, stack(0x00000000fc000000,0x0000000100000000)]
  0x00000000563ce800 JavaThread "Active Reference Queue Daemon" daemon [_thread_blocked, id=8968, stack(0x0000000108000000,0x000000010c000000)]
  0x00000000563ce000 JavaThread "Timer-1" daemon [_thread_blocked, id=8028, stack(0x0000000104000000,0x0000000108000000)]
  0x00000000563c9000 JavaThread "ClipboardMonitor Timer" daemon [_thread_blocked, id=8400, stack(0x00000000e4000000,0x00000000e8000000)]
  0x00000000563cc800 JavaThread "Explorer NavigationContext request queue" daemon [_thread_blocked, id=2204, stack(0x00000000f8000000,0x00000000fc000000)]
  0x00000000563ca800 JavaThread "AddressBar directory emptiness poller" daemon [_thread_blocked, id=5920, stack(0x00000000ec000000,0x00000000f0000000)]
  0x00000000563c9800 JavaThread "Explorer Refresh Service 1007007819" daemon [_thread_blocked, id=3308, stack(0x00000000e8000000,0x00000000ec000000)]
  0x00000000563c8000 JavaThread "Thread-4" daemon [_thread_blocked, id=8992, stack(0x00000000dc000000,0x00000000e0000000)]
  0x00000000563c7800 JavaThread "TimerQueue" daemon [_thread_blocked, id=8284, stack(0x00000000d8000000,0x00000000dc000000)]
  0x00000000563c7000 JavaThread "Thread-3" daemon [_thread_blocked, id=9100, stack(0x00000000c8000000,0x00000000cc000000)]
  0x00000000563c6000 JavaThread "AWT-EventQueue-0" [_thread_blocked, id=8244, stack(0x00000000c4000000,0x00000000c8000000)]
  0x00000000563c5800 JavaThread "AWT-Shutdown" [_thread_blocked, id=7264, stack(0x00000000b4000000,0x00000000b8000000)]
  0x00000000563c4800 JavaThread "FelixPackageAdmin" daemon [_thread_blocked, id=7244, stack(0x00000000d4000000,0x00000000d8000000)]
  0x000000005629f800 JavaThread "FelixStartLevel" daemon [_thread_blocked, id=6076, stack(0x00000000d0000000,0x00000000d4000000)]
  0x0000000056590800 JavaThread "FelixDispatchQueue" daemon [_thread_blocked, id=5292, stack(0x00000000cc000000,0x00000000d0000000)]
  0x0000000055ff2800 JavaThread "com.google.common.base.internal.Finalizer" daemon [_thread_blocked, id=7232, stack(0x00000000c0000000,0x00000000c4000000)]
  0x0000000055f0e000 JavaThread "AWT-Windows" daemon [_thread_in_native, id=5320, stack(0x00000000b8000000,0x00000000bc000000)]
  0x000000000b36f000 JavaThread "Java2D Disposer" daemon [_thread_blocked, id=1620, stack(0x00000000b0000000,0x00000000b4000000)]
  0x000000000a871000 JavaThread "Timer-0" [_thread_blocked, id=9024, stack(0x00000000ac000000,0x00000000b0000000)]
  0x0000000055af7800 JavaThread "EventMgr Dispatcher" daemon [_thread_in_native, id=8296, stack(0x00000000a8000000,0x00000000ac000000)]
  0x0000000009a74800 JavaThread "Low Memory Detector" daemon [_thread_blocked, id=9176, stack(0x00000000a0000000,0x00000000a4000000)]
  0x0000000009a5d000 JavaThread "CompilerThread1" daemon [_thread_blocked, id=9200, stack(0x000000009c000000,0x00000000a0000000)]
  0x0000000009a5c800 JavaThread "CompilerThread0" daemon [_thread_blocked, id=9196, stack(0x0000000098000000,0x000000009c000000)]
  0x0000000009a56000 JavaThread "Attach Listener" daemon [_thread_blocked, id=9136, stack(0x0000000094000000,0x0000000098000000)]
  0x0000000009a37800 JavaThread "Finalizer" daemon [_thread_blocked, id=9128, stack(0x0000000090000000,0x0000000094000000)]
  0x0000000009a36800 JavaThread "Reference Handler" daemon [_thread_blocked, id=5204, stack(0x000000008c000000,0x0000000090000000)]
  0x00000000065c9800 JavaThread "main" [_thread_in_native, id=7508, stack(0x0000000000030000,0x0000000004030000)]

Other Threads:
  0x0000000009a33800 VMThread [stack: 0x0000000088000000,0x000000008c000000] [id=7204]
  0x0000000009a8d800 WatcherThread [stack: 0x00000000a4000000,0x00000000a8000000] [id=9168]

VM state:not at safepoint (normal execution)

VM Mutex/Monitor currently owned by a thread: None

Heap
 PSYoungGen      total 32000K, used 23542K [0x000000004a7a0000, 0x000000004cf30000, 0x000000004d8a0000)
  eden space 24128K, 90% used [0x000000004a7a0000,0x000000004bcf2fd8,0x000000004bf30000)
  from space 7872K, 21% used [0x000000004c780000,0x000000004c92aa28,0x000000004cf30000)
  to   space 8192K, 0% used [0x000000004bf30000,0x000000004bf30000,0x000000004c730000)
 PSOldGen        total 125056K, used 102185K [0x00000000414a0000, 0x0000000048ec0000, 0x000000004a7a0000)
  object space 125056K, 81% used [0x00000000414a0000,0x000000004786a748,0x0000000048ec0000)
 PSPermGen       total 128384K, used 75732K [0x00000000394a0000, 0x0000000041200000, 0x00000000414a0000)
  object space 128384K, 58% used [0x00000000394a0000,0x000000003de95268,0x0000000041200000)

Dynamic libraries:
0x0000000140000000 - 0x0000000140028000 	C:\Program Files\MATLAB\R2013a\bin\win64\MATLAB.exe
0x0000000077b70000 - 0x0000000077d19000 	C:\WINDOWS\SYSTEM32\ntdll.dll
0x00000000778d0000 - 0x00000000779ef000 	C:\WINDOWS\system32\kernel32.dll
0x000007fefda80000 - 0x000007fefdaeb000 	C:\WINDOWS\system32\KERNELBASE.dll
0x0000000074460000 - 0x0000000074515000 	C:\Program Files\MATLAB\R2013a\bin\win64\libut.dll
0x00000000758a0000 - 0x000000007595f000 	C:\Program Files\MATLAB\R2013a\bin\win64\libmwi18n.dll
0x0000000180000000 - 0x000000018000d000 	C:\Program Files\MATLAB\R2013a\bin\win64\libmwresource_core.dll
0x00000000689e0000 - 0x0000000068a78000 	C:\Program Files\MATLAB\R2013a\bin\win64\MSVCP100.dll
0x00000000682b0000 - 0x0000000068382000 	C:\Program Files\MATLAB\R2013a\bin\win64\MSVCR100.dll
0x000000006a690000 - 0x000000006a69e000 	C:\Program Files\MATLAB\R2013a\bin\win64\boost_date_time-vc100-mt-1_49.dll
0x00000000685e0000 - 0x000000006860c000 	C:\Program Files\MATLAB\R2013a\bin\win64\boost_filesystem-vc100-mt-1_49.dll
0x0000000069ec0000 - 0x0000000069ec9000 	C:\Program Files\MATLAB\R2013a\bin\win64\boost_system-vc100-mt-1_49.dll
0x000007fefe3f0000 - 0x000007fefe4cb000 	C:\WINDOWS\system32\ADVAPI32.dll
0x000007fefea60000 - 0x000007fefeaff000 	C:\WINDOWS\system32\msvcrt.dll
0x000007feffe60000 - 0x000007feffe7f000 	C:\WINDOWS\SYSTEM32\sechost.dll
0x000007feffbf0000 - 0x000007feffd1d000 	C:\WINDOWS\system32\RPCRT4.dll
0x0000000068280000 - 0x00000000682a5000 	C:\Program Files\MATLAB\R2013a\bin\win64\LIBEXPAT.dll
0x000000005b200000 - 0x000000005b38a000 	C:\Program Files\MATLAB\R2013a\bin\win64\icuin49.dll
0x000000005b0c0000 - 0x000000005b1fe000 	C:\Program Files\MATLAB\R2013a\bin\win64\icuuc49.dll
0x0000000059f90000 - 0x000000005b0b2000 	C:\Program Files\MATLAB\R2013a\bin\win64\icudt49.dll
0x0000000066dc0000 - 0x0000000066dd0000 	C:\Program Files\MATLAB\R2013a\bin\win64\icuio49.dll
0x0000000073f70000 - 0x0000000074112000 	C:\Program Files\MATLAB\R2013a\bin\win64\libmwfl.dll
0x000000007a350000 - 0x000000007a737000 	C:\Program Files\MATLAB\R2013a\bin\win64\libmwMATLAB_res.dll
0x000000005d660000 - 0x000000005d73f000 	C:\Program Files\MATLAB\R2013a\bin\win64\boost_regex-vc100-mt-1_49.dll
0x0000000077a70000 - 0x0000000077b6a000 	C:\WINDOWS\system32\USER32.dll
0x000007fefedf0000 - 0x000007fefee57000 	C:\WINDOWS\system32\GDI32.dll
0x000007fefe3e0000 - 0x000007fefe3ee000 	C:\WINDOWS\system32\LPK.dll
0x000007fefe570000 - 0x000007fefe639000 	C:\WINDOWS\system32\USP10.dll
0x0000000066da0000 - 0x0000000066db1000 	C:\Program Files\MATLAB\R2013a\bin\win64\boost_signals-vc100-mt-1_49.dll
0x0000000066d80000 - 0x0000000066d91000 	C:\Program Files\MATLAB\R2013a\bin\win64\boost_thread-vc100-mt-1_49.dll
0x000007fedb760000 - 0x000007fedb7ec000 	C:\Program Files\MATLAB\R2013a\bin\win64\boost_log-vc100-mt-1_49.dll
0x0000000077d40000 - 0x0000000077d47000 	C:\WINDOWS\system32\PSAPI.DLL
0x000007fefde00000 - 0x000007fefde4d000 	C:\WINDOWS\system32\WS2_32.dll
0x000007fefdf10000 - 0x000007fefdf18000 	C:\WINDOWS\system32\NSI.dll
0x000007fefb6a0000 - 0x000007fefb6d3000 	C:\Program Files\MATLAB\R2013a\bin\win64\tbb.dll
0x000007fefde50000 - 0x000007fefde69000 	C:\WINDOWS\system32\imagehlp.dll
0x000007fefaf50000 - 0x000007fefaf7c000 	C:\WINDOWS\system32\POWRPROF.dll
0x000007fefeb00000 - 0x000007fefecd7000 	C:\WINDOWS\system32\SETUPAPI.dll
0x000007fefdbb0000 - 0x000007fefdbe6000 	C:\WINDOWS\system32\CFGMGR32.dll
0x000007feffd80000 - 0x000007feffe57000 	C:\WINDOWS\system32\OLEAUT32.dll
0x000007fefe820000 - 0x000007fefea23000 	C:\WINDOWS\system32\ole32.dll
0x000007fefdb90000 - 0x000007fefdbaa000 	C:\WINDOWS\system32\DEVOBJ.dll
0x0000000004200000 - 0x0000000004221000 	C:\Program Files\MATLAB\R2013a\bin\win64\libmwmfl_scalar.dll
0x000007fef5690000 - 0x000007fef57b5000 	C:\WINDOWS\system32\dbghelp.dll
0x0000000004230000 - 0x000000000455f000 	C:\Program Files\MATLAB\R2013a\bin\win64\libmwservices.dll
0x0000000075a20000 - 0x0000000075b0b000 	C:\Program Files\MATLAB\R2013a\bin\win64\libmx.dll
0x000007fee2a40000 - 0x000007fee2a68000 	C:\Program Files\MATLAB\R2013a\bin\win64\tbbmalloc.dll
0x0000000064ef0000 - 0x0000000064f07000 	C:\Program Files\MATLAB\R2013a\bin\win64\zlib1.dll
0x0000000004560000 - 0x00000000045ae000 	C:\Program Files\MATLAB\R2013a\bin\win64\libmwregexp.dll
0x0000000075f10000 - 0x0000000075f57000 	C:\Program Files\MATLAB\R2013a\bin\win64\mpath.dll
0x000000007b680000 - 0x000000007bc66000 	C:\Program Files\MATLAB\R2013a\bin\win64\mlutil.dll
0x00000000754d0000 - 0x0000000075547000 	C:\Program Files\MATLAB\R2013a\bin\win64\xmlcore.dll
0x0000000059d40000 - 0x0000000059f81000 	C:\Program Files\MATLAB\R2013a\bin\win64\xerces-c_2_7.dll
0x00000000045c0000 - 0x00000000045e2000 	C:\Program Files\MATLAB\R2013a\bin\win64\libmwMATLAB_settings_res.dll
0x000007fefbf30000 - 0x000007fefbf40000 	C:\Program Files\MATLAB\R2013a\bin\win64\boost_iostreams-vc100-mt-1_49.dll
0x000007feded10000 - 0x000007feded56000 	C:\Program Files\MATLAB\R2013a\bin\win64\boost_serialization-vc100-mt-1_49.dll
0x000007fefee60000 - 0x000007feffbe8000 	C:\WINDOWS\system32\SHELL32.dll
0x000007fefe7a0000 - 0x000007fefe811000 	C:\WINDOWS\system32\SHLWAPI.dll
0x00000000045f0000 - 0x00000000045f6000 	C:\Program Files\MATLAB\R2013a\bin\win64\libmwnativedisplay.dll
0x000007fef1bc0000 - 0x000007fef1c60000 	C:\WINDOWS\WinSxS\amd64_microsoft.windows.common-controls_6595b64144ccf1df_5.82.7601.18201_none_a4d3b9377117c3df\COMCTL32.dll
0x000007fefde70000 - 0x000007fefdf07000 	C:\WINDOWS\system32\COMDLG32.dll
0x000007fefb450000 - 0x000007fefb466000 	C:\WINDOWS\system32\NETAPI32.dll
0x000007fefcb10000 - 0x000007fefcb1c000 	C:\WINDOWS\system32\netutils.dll
0x000007fefd540000 - 0x000007fefd563000 	C:\WINDOWS\system32\srvcli.dll
0x000007fefb430000 - 0x000007fefb445000 	C:\WINDOWS\system32\wkscli.dll
0x0000000074970000 - 0x0000000074a18000 	C:\Program Files\MATLAB\R2013a\bin\win64\mcr.dll
0x0000000075000000 - 0x00000000753b1000 	C:\Program Files\MATLAB\R2013a\bin\win64\iqm.dll
0x0000000074e80000 - 0x0000000074f30000 	C:\Program Files\MATLAB\R2013a\bin\win64\m_dispatcher.dll
0x0000000004600000 - 0x0000000004e08000 	C:\Program Files\MATLAB\R2013a\bin\win64\m_interpreter.dll
0x0000000004e10000 - 0x0000000004e34000 	C:\Program Files\MATLAB\R2013a\bin\win64\libmex.dll
0x0000000075430000 - 0x00000000754ab000 	C:\Program Files\MATLAB\R2013a\bin\win64\profiler.dll
0x0000000004e40000 - 0x00000000050c3000 	C:\Program Files\MATLAB\R2013a\bin\win64\libmwmathutil.dll
0x0000000079f40000 - 0x0000000079f66000 	C:\Program Files\MATLAB\R2013a\bin\win64\libmwmathrng.dll
0x00000000050d0000 - 0x00000000050e0000 	C:\Program Files\MATLAB\R2013a\bin\win64\libmwmfl_rng.dll
0x0000000074c10000 - 0x0000000074cf8000 	C:\Program Files\MATLAB\R2013a\bin\win64\libmwmathcore.dll
0x0000000076160000 - 0x00000000761c3000 	C:\Program Files\MATLAB\R2013a\bin\win64\libmwspmatrix.dll
0x000000007b0a0000 - 0x000000007b2f6000 	C:\Program Files\MATLAB\R2013a\bin\win64\mcos.dll
0x0000000075ea0000 - 0x0000000075f02000 	C:\Program Files\MATLAB\R2013a\bin\win64\libmwcholmod.dll
0x00000000050f0000 - 0x00000000050fd000 	C:\Program Files\MATLAB\R2013a\bin\win64\libmwamd.dll
0x0000000005110000 - 0x00000000051b3000 	C:\WINDOWS\WinSxS\amd64_microsoft.vc90.crt_1fc8b3b9a1e18e3b_9.0.30729.6161_none_08e61857a83bc251\MSVCR90.dll
0x00000000051c0000 - 0x00000000051cc000 	C:\Program Files\MATLAB\R2013a\bin\win64\libmwcolamd.dll
0x000000007a290000 - 0x000000007a2a3000 	C:\Program Files\MATLAB\R2013a\bin\win64\libmwblas.dll
0x000000007a310000 - 0x000000007a325000 	C:\Program Files\MATLAB\R2013a\bin\win64\libmwbinder.dll
0x00000000051e0000 - 0x00000000051eb000 	C:\Program Files\MATLAB\R2013a\bin\win64\libmwompwrapper.dll
0x0000000075820000 - 0x000000007589e000 	C:\Program Files\MATLAB\R2013a\bin\win64\libmwlapack.dll
0x000000007a1b0000 - 0x000000007a1d0000 	C:\Program Files\MATLAB\R2013a\bin\win64\m_pcodeio.dll
0x0000000079b10000 - 0x0000000079b6c000 	C:\Program Files\MATLAB\R2013a\bin\win64\m_ir.dll
0x0000000078ed0000 - 0x0000000079579000 	C:\Program Files\MATLAB\R2013a\bin\win64\m_parser.dll
0x000000007a2f0000 - 0x000000007a307000 	C:\Program Files\MATLAB\R2013a\bin\win64\ir_xfmr.dll
0x00000000051f0000 - 0x0000000005200000 	C:\Program Files\MATLAB\R2013a\bin\win64\mtok.dll
0x000000007a130000 - 0x000000007a158000 	C:\Program Files\MATLAB\R2013a\bin\win64\m_pcodegen.dll
0x0000000079fb0000 - 0x0000000079fdf000 	C:\Program Files\MATLAB\R2013a\bin\win64\libmwbridge.dll
0x0000000074f40000 - 0x0000000074ff6000 	C:\Program Files\MATLAB\R2013a\bin\win64\udd.dll
0x0000000073cc0000 - 0x0000000073e0e000 	C:\Program Files\MATLAB\R2013a\bin\win64\libmwgui.dll
0x000000007a1d0000 - 0x000000007a1f4000 	C:\Program Files\MATLAB\R2013a\bin\win64\graphics_util.dll
0x000007fedb2b0000 - 0x000007fedb368000 	C:\Program Files\MATLAB\R2013a\bin\win64\libtex_base.dll
0x0000000005200000 - 0x0000000005b43000 	C:\Program Files\MATLAB\R2013a\bin\win64\hg.dll
0x0000000076100000 - 0x000000007615a000 	C:\Program Files\MATLAB\R2013a\bin\win64\libmat.dll
0x0000000072d30000 - 0x0000000072f38000 	C:\Program Files\MATLAB\R2013a\bin\win64\hdf5dll.dll
0x0000000075710000 - 0x00000000757d8000 	C:\Program Files\MATLAB\R2013a\bin\win64\jmi.dll
0x0000000005b60000 - 0x0000000005b6e000 	C:\Program Files\MATLAB\R2013a\bin\win64\nativejava_services.dll
0x0000000005b70000 - 0x0000000005bb0000 	C:\Program Files\MATLAB\R2013a\bin\win64\libmwhardcopy.dll
0x0000000075c70000 - 0x0000000075cce000 	C:\Program Files\MATLAB\R2013a\bin\win64\libuij.dll
0x0000000072f50000 - 0x000000007318f000 	C:\Program Files\MATLAB\R2013a\bin\win64\hgdatatypes.dll
0x0000000005bb0000 - 0x0000000005c9b000 	C:\Program Files\MATLAB\R2013a\bin\win64\hgutils.dll
0x0000000005ca0000 - 0x0000000005d4e000 	C:\Program Files\MATLAB\R2013a\bin\win64\udd_mi.dll
0x0000000005d50000 - 0x0000000005d86000 	C:\Program Files\MATLAB\R2013a\bin\win64\libmwgbtutils.dll
0x0000000005d90000 - 0x0000000005da4000 	C:\Program Files\MATLAB\R2013a\bin\win64\libmwgbt.dll
0x0000000005db0000 - 0x000000000607e000 	C:\Program Files\MATLAB\R2013a\bin\win64\uiw.dll
0x0000000006080000 - 0x0000000006089000 	C:\Program Files\MATLAB\R2013a\bin\win64\uinone.dll
0x0000000006090000 - 0x00000000060b6000 	C:\Program Files\MATLAB\R2013a\bin\win64\libmwnativefiledialogs.dll
0x00000000060c0000 - 0x00000000060cc000 	C:\Program Files\MATLAB\R2013a\bin\win64\libmwplatform_res.dll
0x000007fef57c0000 - 0x000007fef57d8000 	C:\WINDOWS\system32\MPR.dll
0x0000000058d50000 - 0x00000000592ad000 	C:\Program Files\MATLAB\R2013a\bin\win64\mfc100.dll
0x000007fefadf0000 - 0x000007fefadf7000 	C:\WINDOWS\system32\MSIMG32.dll
0x000007fefa150000 - 0x000007fefa1c1000 	C:\WINDOWS\system32\WINSPOOL.DRV
0x00000000060d0000 - 0x00000000060ed000 	C:\Program Files\MATLAB\R2013a\bin\win64\mwoles05.DLL
0x00000000060f0000 - 0x000000000615c000 	C:\Program Files\MATLAB\R2013a\bin\win64\comcli.dll
0x0000000062df0000 - 0x0000000062e1b000 	C:\Program Files\MATLAB\R2013a\bin\win64\ATL100.DLL
0x0000000006160000 - 0x000000000616c000 	C:\Program Files\MATLAB\R2013a\bin\win64\mlautoregister.dll
0x0000000006170000 - 0x00000000062c6000 	C:\Program Files\MATLAB\R2013a\bin\win64\mvm.dll
0x000007fefea30000 - 0x000007fefea5e000 	C:\WINDOWS\system32\IMM32.DLL
0x000007fefece0000 - 0x000007fefede9000 	C:\WINDOWS\system32\MSCTF.dll
0x00000000062f0000 - 0x00000000062fa000 	C:\WINDOWS\KATRK64.DLL
0x000007fefd490000 - 0x000007fefd4a1000 	C:\WINDOWS\system32\WTSAPI32.dll
0x000007fefbcc0000 - 0x000007fefbd16000 	C:\WINDOWS\system32\UxTheme.dll
0x000007fefb760000 - 0x000007fefb778000 	C:\WINDOWS\system32\dwmapi.dll
0x0000000064530000 - 0x000000006453d000 	C:\Program Files\MATLAB\R2013a\bin\win64\MFC100ENU.DLL

VM Arguments:
jvm_args: -XX:PermSize=32m -Xms64m -XX:NewRatio=3 -XX:MaxPermSize=128m -Xmx196m -XX:MaxDirectMemorySize=2147400000 -Dsun.java2d.noddraw=true -Dsun.awt.nopixfmt=true -Xshare:off -Xrs -Dsun.awt.disableMixing=true -Djava.library.path=C:\Program Files\MATLAB\R2013a\bin\win64;C:\Program Files\MATLAB\R2013a\sys\jxbrowser\win64\lib vfprintf abort -XX:ParallelGCThreads=6 
java_command: <unknown>
Launcher Type: generic

Environment Variables:
CLASSPATH=.;C:\Program Files (x86)\Java\jre7\lib\ext\QTJava.zip
PATH=C:\Program Files\Microsoft HPC Pack 2008 R2\Bin\;C:\SW\MSC_Patran_x64\20122\bin;C:\WINDOWS\TEMP\{BCC82B66-A638-44C2-8A83-7531F028B917}\program files\COSMOS Applications;C:\Program Files (x86)\NVIDIA Corporation\PhysX\Common;C:\Program Files (x86)\Common Files\Intel\Shared Libraries\redist\intel64\mpirt;C:\Program Files (x86)\Common Files\Intel\Shared Libraries\redist\intel64\compiler;C:\Program Files (x86)\Common Files\Intel\Shared Libraries\redist\ia32\mpirt;C:\Program Files (x86)\Common Files\Intel\Shared Libraries\redist\ia32\compiler;C:\WINDOWS\system32;C:\WINDOWS;C:\WINDOWS\System32\Wbem;C:\WINDOWS\System32\WindowsPowerShell\v1.0\;C:\Program Files\Microsoft\Web Platform Installer\;C:\Program Files (x86)\Microsoft ASP.NET\ASP.NET Web Pages\v1.0\;C:\Program Files (x86)\Windows Kits\8.0\Windows Performance Toolkit\;C:\Program Files\Microsoft SQL Server\110\Tools\Binn\;C:\Program Files\MIT\Kerberos\bin;C:\Program Files\OpenAFS\Common;C:\Program Files\OpenAFS\Client\Program;C:\Program Files (x86)\QuickTime\QTSystem\;C:\Program Files (x86)\IVI Foundation\IVI\bin;C:\Program Files\IVI Foundation\IVI\bin;C:\Program Files (x86)\IVI Foundation\VISA\WinNT\Bin\;C:\Program Files\IVI Foundation\VISA\Win64\Bin\;C:\Program Files (x86)\IVI Foundation\VISA\WinNT\Bin;C:\SW\MATLAB_R2013a_win32\runtime\win32;C:\SW\MATLAB_R2013a_win32\bin;C:\Program Files\MATLAB\R2013a\runtime\win64;C:\Program Files\MATLAB\R2013a\bin;C:\Program Files\TortoiseSVN\bin;C:\SW\Abaqus\Commands;C:\Program Files\Common Files\Autodesk Shared\;C:\Program Files (x86)\Microsoft Application Virtualization Client
USERNAME=spkumar
OS=Windows_NT
PROCESSOR_IDENTIFIER=Intel64 Family 6 Model 60 Stepping 3, GenuineIntel



---------------  S Y S T E M  ---------------

OS: Windows 7 Build 7601 Service Pack 1

CPU:total 8 (8 cores per cpu, 2 threads per core) family 6 model 60 stepping 3, cmov, cx8, fxsr, mmx, sse, sse2, sse3, ssse3, sse4.1, sse4.2, ht

Memory: 4k page, physical 16721556k(12318812k free), swap 33441252k(28440740k free)

vm_info: Java HotSpot(TM) 64-Bit Server VM (14.3-b01) for windows-amd64 JRE (1.6.0_17-b04), built on Oct 11 2009 00:46:08 by "java_re" with MS VC++ 8.0

time: Thu Dec 05 11:45:23 2013
elapsed time: 1970 seconds

