#
# A fatal error has been detected by the Java Runtime Environment:
#
#  EXCEPTION_ACCESS_VIOLATION (0xc0000005) at pc=0x0000000023b66748, pid=5400, tid=7720
#
# JRE version: 6.0_17-b04
# Java VM: Java HotSpot(TM) 64-Bit Server VM (14.3-b01 mixed mode windows-amd64 )
# Problematic frame:
# C  0x0000000023b66748
#
# If you would like to submit a bug report, please visit:
#   http://java.sun.com/webapps/bugreport/crash.jsp
# The crash happened outside the Java Virtual Machine in native code.
# See problematic frame for where to report the bug.
#

---------------  T H R E A D  ---------------

Current thread (0x00000000614d8800):  JavaThread "Thread-273" [_thread_in_native, id=7720, stack(0x0000000148030000,0x000000014c030000)]

siginfo: ExceptionCode=0xc0000005, reading address 0x0000000000000013

Registers:
EAX=0x0000000000022e1c, EBX=0x0000000000000002, ECX=0x0000000022e1cff0, EDX=0x0000000000000006
ESP=0x000000014c02d6e0, EBP=0x0000000022e1c000, ESI=0x0000000022e1c000, EDI=0x0000000000000000
EIP=0x0000000023b66748, EFLAGS=0x0000000000010202

Top of Stack: (sp=0x000000014c02d6e0)
0x000000014c02d6e0:   0000000000000002 0000000023b53061
0x000000014c02d6f0:   8000000000000001 0000000000000000
0x000000014c02d700:   8000000000000001 0000000000000000
0x000000014c02d710:   0000000022d92100 00000000040e0000
0x000000014c02d720:   0000000025071550 0000000023b66c63
0x000000014c02d730:   0000000000000002 0000000022e1cff0
0x000000014c02d740:   000000014c02d7b0 00000000040e0000
0x000000014c02d750:   000000008007000e 000007fefabe7d64
0x000000014c02d760:   0000000000000006 0000000000000003
0x000000014c02d770:   00000000040e0298 0000000022e28368
0x000000014c02d780:   0000000024f752a0 000007fefabdd710
0x000000014c02d790:   00000000000b0003 0000000025071558
0x000000014c02d7a0:   0000000025071550 0000000024f7cae0
0x000000014c02d7b0:   0000000000000000 000007fefa952b30
0x000000014c02d7c0:   0000000025071558 0000000000000014
0x000000014c02d7d0:   0000000000000001 00000000661b4030 

Instructions: (pc=0x0000000023b66748)
0x0000000023b66738:   00 75 28 49 8b 9c de d8 08 00 00 48 85 db 74 20
0x0000000023b66748:   0f b6 43 11 41 3b c0 75 17 41 83 f8 01 0f 85 80 


Stack: [0x0000000148030000,0x000000014c030000],  sp=0x000000014c02d6e0,  free space=65525k
Native frames: (J=compiled Java code, j=interpreted, Vv=VM code, C=native code)
C  0x0000000023b66748

Java frames: (J=compiled Java code, j=interpreted, Vv=VM code)
j  com.mathworks.util.NativeJava.showNativeFileDialogMulti(JZLjava/lang/String;Ljava/lang/String;Ljava/lang/String;Ljava/lang/String;ZZLjava/lang/String;I)Ljava/lang/Object;+0
j  com.mathworks.mwswing.MJFileChooserPerPlatform$RunnableNativeDispatch.runNative()V+37
j  com.mathworks.mwswing.MJFileChooserPerPlatform$RunnableNativeDispatch.runWindows()V+22
j  com.mathworks.mwswing.MJFileChooserPerPlatform$RunnableNativeDispatch.run()V+7
j  java.lang.Thread.run()V+11
v  ~StubRoutines::call_stub

---------------  P R O C E S S  ---------------

Java Threads: ( => current thread )
=>0x00000000614d8800 JavaThread "Thread-273" [_thread_in_native, id=7720, stack(0x0000000148030000,0x000000014c030000)]
  0x00000000614d4800 JavaThread "Code Analyzer updating thread" [_thread_blocked, id=7268, stack(0x000000010cfd0000,0x0000000110fd0000)]
  0x00000000614d7800 JavaThread "Prefs Updater" daemon [_thread_blocked, id=8044, stack(0x00000000ec000000,0x00000000f0000000)]
  0x00000000614d7000 JavaThread "pool-6-thread-1" [_thread_blocked, id=4588, stack(0x00000000f0000000,0x00000000f4000000)]
  0x00000000614d4000 JavaThread "Foxtrot Single Worker Thread #1" daemon [_thread_blocked, id=1252, stack(0x000000001e070000,0x0000000022070000)]
  0x00000000614d6000 JavaThread "Timer-2" daemon [_thread_blocked, id=6824, stack(0x0000000128000000,0x000000012c000000)]
  0x000000000ba05800 JavaThread "com.jniwrapper.NativeResourceCollector" daemon [_thread_blocked, id=5092, stack(0x00000000cc000000,0x00000000d0000000)]
  0x000000000ba0a800 JavaThread "Code Analyzer updating thread" [_thread_blocked, id=6156, stack(0x0000000108000000,0x000000010c000000)]
  0x000000000ba09800 JavaThread "Code Analyzer updating thread" [_thread_blocked, id=7728, stack(0x0000000104000000,0x0000000108000000)]
  0x000000000ba09000 JavaThread "Code Analyzer updating thread" [_thread_blocked, id=8152, stack(0x0000000100000000,0x0000000104000000)]
  0x000000000ba08000 JavaThread "Code Analyzer updating thread" [_thread_blocked, id=2444, stack(0x00000000fc000000,0x0000000100000000)]
  0x000000000ba07800 JavaThread "Active Reference Queue Daemon" daemon [_thread_blocked, id=7960, stack(0x00000000f8000000,0x00000000fc000000)]
  0x000000000ba06800 JavaThread "Timer-1" daemon [_thread_blocked, id=8032, stack(0x00000000f4000000,0x00000000f8000000)]
  0x000000000ba06000 JavaThread "ClipboardMonitor Timer" daemon [_thread_blocked, id=356, stack(0x00000000e4000000,0x00000000e8000000)]
  0x000000000ba04800 JavaThread "Explorer NavigationContext request queue" daemon [_thread_blocked, id=7980, stack(0x00000000e8000000,0x00000000ec000000)]
  0x000000000ba04000 JavaThread "AddressBar directory emptiness poller" daemon [_thread_blocked, id=6668, stack(0x00000000e0000000,0x00000000e4000000)]
  0x000000000ba03000 JavaThread "Explorer Refresh Service 1699580424" daemon [_thread_blocked, id=7032, stack(0x00000000dc000000,0x00000000e0000000)]
  0x000000000ba01800 JavaThread "Thread-4" daemon [_thread_blocked, id=5064, stack(0x00000000d0000000,0x00000000d4000000)]
  0x000000000ba00000 JavaThread "TimerQueue" daemon [_thread_blocked, id=4012, stack(0x00000000c8000000,0x00000000cc000000)]
  0x000000000b9ff800 JavaThread "Thread-3" daemon [_thread_blocked, id=6656, stack(0x00000000b8000000,0x00000000bc000000)]
  0x000000000b9ff000 JavaThread "AWT-EventQueue-0" [_thread_blocked, id=7480, stack(0x00000000b4000000,0x00000000b8000000)]
  0x000000000b9fe000 JavaThread "AWT-Shutdown" [_thread_blocked, id=5720, stack(0x00000000a4000000,0x00000000a8000000)]
  0x000000000b0db000 JavaThread "FelixPackageAdmin" daemon [_thread_blocked, id=2284, stack(0x00000000c4000000,0x00000000c8000000)]
  0x000000000ba7c000 JavaThread "FelixStartLevel" daemon [_thread_blocked, id=5496, stack(0x00000000c0000000,0x00000000c4000000)]
  0x000000000b959800 JavaThread "FelixDispatchQueue" daemon [_thread_blocked, id=5852, stack(0x00000000bc000000,0x00000000c0000000)]
  0x000000000a15a000 JavaThread "com.google.common.base.internal.Finalizer" daemon [_thread_blocked, id=6384, stack(0x00000000b0000000,0x00000000b4000000)]
  0x000000000a0b8800 JavaThread "AWT-Windows" daemon [_thread_in_native, id=5768, stack(0x00000000a8000000,0x00000000ac000000)]
  0x000000000a212000 JavaThread "Java2D Disposer" daemon [_thread_blocked, id=7016, stack(0x00000000a0000000,0x00000000a4000000)]
  0x000000000af85800 JavaThread "Timer-0" [_thread_blocked, id=5108, stack(0x000000009c000000,0x00000000a0000000)]
  0x000000000afa1800 JavaThread "EventMgr Dispatcher" daemon [_thread_in_native, id=1248, stack(0x0000000098000000,0x000000009c000000)]
  0x000000000a074000 JavaThread "Low Memory Detector" daemon [_thread_blocked, id=7912, stack(0x0000000090000000,0x0000000094000000)]
  0x000000000a06c800 JavaThread "CompilerThread1" daemon [_thread_blocked, id=7364, stack(0x000000008c000000,0x0000000090000000)]
  0x000000000a065800 JavaThread "CompilerThread0" daemon [_thread_blocked, id=4964, stack(0x0000000088000000,0x000000008c000000)]
  0x000000000a064800 JavaThread "Attach Listener" daemon [_thread_blocked, id=6532, stack(0x0000000084000000,0x0000000088000000)]
  0x000000000a007000 JavaThread "Finalizer" daemon [_thread_blocked, id=7776, stack(0x0000000080000000,0x0000000084000000)]
  0x000000000a005800 JavaThread "Reference Handler" daemon [_thread_blocked, id=7808, stack(0x000000006bbc0000,0x000000006fbc0000)]
  0x0000000006439800 JavaThread "main" [_thread_in_native, id=1632, stack(0x0000000000030000,0x0000000004030000)]

Other Threads:
  0x000000000a002800 VMThread [stack: 0x000000005d470000,0x0000000061470000] [id=8124]
  0x000000000a090000 WatcherThread [stack: 0x0000000094000000,0x0000000098000000] [id=5460]

VM state:not at safepoint (normal execution)

VM Mutex/Monitor currently owned by a thread: None

Heap
 PSYoungGen      total 21376K, used 1807K [0x000000004a370000, 0x000000004bb40000, 0x000000004d470000)
  eden space 20800K, 8% used [0x000000004a370000,0x000000004a533ce0,0x000000004b7c0000)
  from space 576K, 0% used [0x000000004b870000,0x000000004b870000,0x000000004b900000)
  to   space 1792K, 0% used [0x000000004b980000,0x000000004b980000,0x000000004bb40000)
 PSOldGen        total 94528K, used 69836K [0x0000000041070000, 0x0000000046cc0000, 0x000000004a370000)
  object space 94528K, 73% used [0x0000000041070000,0x00000000454a32f8,0x0000000046cc0000)
 PSPermGen       total 129920K, used 75256K [0x0000000039070000, 0x0000000040f50000, 0x0000000041070000)
  object space 129920K, 57% used [0x0000000039070000,0x000000003d9ee3d8,0x0000000040f50000)

Dynamic libraries:
0x0000000140000000 - 0x0000000140028000 	C:\Program Files\MATLAB\R2013a\bin\win64\MATLAB.exe
0x0000000076da0000 - 0x0000000076f49000 	C:\WINDOWS\SYSTEM32\ntdll.dll
0x0000000076b00000 - 0x0000000076c1f000 	C:\WINDOWS\system32\kernel32.dll
0x000007fefcfb0000 - 0x000007fefd01b000 	C:\WINDOWS\system32\KERNELBASE.dll
0x0000000074460000 - 0x0000000074515000 	C:\Program Files\MATLAB\R2013a\bin\win64\libut.dll
0x00000000758a0000 - 0x000000007595f000 	C:\Program Files\MATLAB\R2013a\bin\win64\libmwi18n.dll
0x0000000180000000 - 0x000000018000d000 	C:\Program Files\MATLAB\R2013a\bin\win64\libmwresource_core.dll
0x000000006b3b0000 - 0x000000006b448000 	C:\Program Files\MATLAB\R2013a\bin\win64\MSVCP100.dll
0x000000006abf0000 - 0x000000006acc2000 	C:\Program Files\MATLAB\R2013a\bin\win64\MSVCR100.dll
0x000000006bba0000 - 0x000000006bbae000 	C:\Program Files\MATLAB\R2013a\bin\win64\boost_date_time-vc100-mt-1_49.dll
0x000000006b8a0000 - 0x000000006b8cc000 	C:\Program Files\MATLAB\R2013a\bin\win64\boost_filesystem-vc100-mt-1_49.dll
0x000000006bb90000 - 0x000000006bb99000 	C:\Program Files\MATLAB\R2013a\bin\win64\boost_system-vc100-mt-1_49.dll
0x000007fefe9f0000 - 0x000007fefeacb000 	C:\WINDOWS\system32\ADVAPI32.dll
0x000007fefe710000 - 0x000007fefe7af000 	C:\WINDOWS\system32\msvcrt.dll
0x000007fefe880000 - 0x000007fefe89f000 	C:\WINDOWS\SYSTEM32\sechost.dll
0x000007fefe8a0000 - 0x000007fefe9cd000 	C:\WINDOWS\system32\RPCRT4.dll
0x000000006b870000 - 0x000000006b895000 	C:\Program Files\MATLAB\R2013a\bin\win64\LIBEXPAT.dll
0x0000000067020000 - 0x00000000671aa000 	C:\Program Files\MATLAB\R2013a\bin\win64\icuin49.dll
0x0000000066ee0000 - 0x000000006701e000 	C:\Program Files\MATLAB\R2013a\bin\win64\icuuc49.dll
0x00000000647a0000 - 0x00000000658c2000 	C:\Program Files\MATLAB\R2013a\bin\win64\icudt49.dll
0x000000006ba90000 - 0x000000006baa0000 	C:\Program Files\MATLAB\R2013a\bin\win64\icuio49.dll
0x0000000073f70000 - 0x0000000074112000 	C:\Program Files\MATLAB\R2013a\bin\win64\libmwfl.dll
0x000000007a350000 - 0x000000007a737000 	C:\Program Files\MATLAB\R2013a\bin\win64\libmwMATLAB_res.dll
0x0000000069440000 - 0x000000006951f000 	C:\Program Files\MATLAB\R2013a\bin\win64\boost_regex-vc100-mt-1_49.dll
0x0000000076c20000 - 0x0000000076d1a000 	C:\WINDOWS\system32\USER32.dll
0x000007fefef30000 - 0x000007fefef97000 	C:\WINDOWS\system32\GDI32.dll
0x000007fefd3f0000 - 0x000007fefd3fe000 	C:\WINDOWS\system32\LPK.dll
0x000007fefe7b0000 - 0x000007fefe879000 	C:\WINDOWS\system32\USP10.dll
0x000000006b7d0000 - 0x000000006b7e1000 	C:\Program Files\MATLAB\R2013a\bin\win64\boost_signals-vc100-mt-1_49.dll
0x000000006b7b0000 - 0x000000006b7c1000 	C:\Program Files\MATLAB\R2013a\bin\win64\boost_thread-vc100-mt-1_49.dll
0x000007fede4c0000 - 0x000007fede54c000 	C:\Program Files\MATLAB\R2013a\bin\win64\boost_log-vc100-mt-1_49.dll
0x0000000076f60000 - 0x0000000076f67000 	C:\WINDOWS\system32\PSAPI.DLL
0x000007fefeee0000 - 0x000007fefef2d000 	C:\WINDOWS\system32\WS2_32.dll
0x000007fefd970000 - 0x000007fefd978000 	C:\WINDOWS\system32\NSI.dll
0x000007fede210000 - 0x000007fede243000 	C:\Program Files\MATLAB\R2013a\bin\win64\tbb.dll
0x000007fefe9d0000 - 0x000007fefe9e9000 	C:\WINDOWS\system32\imagehlp.dll
0x000007fef97c0000 - 0x000007fef97ec000 	C:\WINDOWS\system32\POWRPROF.dll
0x000007fefead0000 - 0x000007fefeca7000 	C:\WINDOWS\system32\SETUPAPI.dll
0x000007fefce20000 - 0x000007fefce56000 	C:\WINDOWS\system32\CFGMGR32.dll
0x000007fefd030000 - 0x000007fefd107000 	C:\WINDOWS\system32\OLEAUT32.dll
0x000007fefd690000 - 0x000007fefd893000 	C:\WINDOWS\system32\ole32.dll
0x000007fefcee0000 - 0x000007fefcefa000 	C:\WINDOWS\system32\DEVOBJ.dll
0x0000000004200000 - 0x0000000004221000 	C:\Program Files\MATLAB\R2013a\bin\win64\libmwmfl_scalar.dll
0x000007fef48d0000 - 0x000007fef49f5000 	C:\WINDOWS\system32\dbghelp.dll
0x0000000004230000 - 0x000000000455f000 	C:\Program Files\MATLAB\R2013a\bin\win64\libmwservices.dll
0x0000000075a20000 - 0x0000000075b0b000 	C:\Program Files\MATLAB\R2013a\bin\win64\libmx.dll
0x000007fefb1b0000 - 0x000007fefb1d8000 	C:\Program Files\MATLAB\R2013a\bin\win64\tbbmalloc.dll
0x000000006b5f0000 - 0x000000006b607000 	C:\Program Files\MATLAB\R2013a\bin\win64\zlib1.dll
0x0000000004560000 - 0x00000000045ae000 	C:\Program Files\MATLAB\R2013a\bin\win64\libmwregexp.dll
0x0000000075f10000 - 0x0000000075f57000 	C:\Program Files\MATLAB\R2013a\bin\win64\mpath.dll
0x000000007b680000 - 0x000000007bc66000 	C:\Program Files\MATLAB\R2013a\bin\win64\mlutil.dll
0x00000000754d0000 - 0x0000000075547000 	C:\Program Files\MATLAB\R2013a\bin\win64\xmlcore.dll
0x0000000066c90000 - 0x0000000066ed1000 	C:\Program Files\MATLAB\R2013a\bin\win64\xerces-c_2_7.dll
0x00000000045c0000 - 0x00000000045e2000 	C:\Program Files\MATLAB\R2013a\bin\win64\libmwMATLAB_settings_res.dll
0x000007fef0440000 - 0x000007fef0450000 	C:\Program Files\MATLAB\R2013a\bin\win64\boost_iostreams-vc100-mt-1_49.dll
0x000007fede1c0000 - 0x000007fede206000 	C:\Program Files\MATLAB\R2013a\bin\win64\boost_serialization-vc100-mt-1_49.dll
0x000007fefd980000 - 0x000007fefe708000 	C:\WINDOWS\system32\SHELL32.dll
0x000007fefd110000 - 0x000007fefd181000 	C:\WINDOWS\system32\SHLWAPI.dll
0x00000000045f0000 - 0x00000000045f6000 	C:\Program Files\MATLAB\R2013a\bin\win64\libmwnativedisplay.dll
0x000007fef2510000 - 0x000007fef25b0000 	C:\WINDOWS\WinSxS\amd64_microsoft.windows.common-controls_6595b64144ccf1df_5.82.7601.18201_none_a4d3b9377117c3df\COMCTL32.dll
0x000007fefd350000 - 0x000007fefd3e7000 	C:\WINDOWS\system32\COMDLG32.dll
0x000007fefa680000 - 0x000007fefa696000 	C:\WINDOWS\system32\NETAPI32.dll
0x000007fefbd40000 - 0x000007fefbd4c000 	C:\WINDOWS\system32\netutils.dll
0x000007fefc7d0000 - 0x000007fefc7f3000 	C:\WINDOWS\system32\srvcli.dll
0x000007fefa660000 - 0x000007fefa675000 	C:\WINDOWS\system32\wkscli.dll
0x0000000074970000 - 0x0000000074a18000 	C:\Program Files\MATLAB\R2013a\bin\win64\mcr.dll
0x0000000075000000 - 0x00000000753b1000 	C:\Program Files\MATLAB\R2013a\bin\win64\iqm.dll
0x0000000074e80000 - 0x0000000074f30000 	C:\Program Files\MATLAB\R2013a\bin\win64\m_dispatcher.dll
0x0000000004600000 - 0x0000000004e08000 	C:\Program Files\MATLAB\R2013a\bin\win64\m_interpreter.dll
0x0000000004e10000 - 0x0000000004e34000 	C:\Program Files\MATLAB\R2013a\bin\win64\libmex.dll
0x0000000075430000 - 0x00000000754ab000 	C:\Program Files\MATLAB\R2013a\bin\win64\profiler.dll
0x0000000004e40000 - 0x00000000050c3000 	C:\Program Files\MATLAB\R2013a\bin\win64\libmwmathutil.dll
0x0000000079f40000 - 0x0000000079f66000 	C:\Program Files\MATLAB\R2013a\bin\win64\libmwmathrng.dll
0x00000000050d0000 - 0x00000000050e0000 	C:\Program Files\MATLAB\R2013a\bin\win64\libmwmfl_rng.dll
0x0000000074c10000 - 0x0000000074cf8000 	C:\Program Files\MATLAB\R2013a\bin\win64\libmwmathcore.dll
0x0000000076160000 - 0x00000000761c3000 	C:\Program Files\MATLAB\R2013a\bin\win64\libmwspmatrix.dll
0x000000007b0a0000 - 0x000000007b2f6000 	C:\Program Files\MATLAB\R2013a\bin\win64\mcos.dll
0x0000000075ea0000 - 0x0000000075f02000 	C:\Program Files\MATLAB\R2013a\bin\win64\libmwcholmod.dll
0x00000000050f0000 - 0x00000000050fd000 	C:\Program Files\MATLAB\R2013a\bin\win64\libmwamd.dll
0x0000000074710000 - 0x00000000747b3000 	C:\WINDOWS\WinSxS\amd64_microsoft.vc90.crt_1fc8b3b9a1e18e3b_9.0.30729.6161_none_08e61857a83bc251\MSVCR90.dll
0x0000000005110000 - 0x000000000511c000 	C:\Program Files\MATLAB\R2013a\bin\win64\libmwcolamd.dll
0x000000007a290000 - 0x000000007a2a3000 	C:\Program Files\MATLAB\R2013a\bin\win64\libmwblas.dll
0x000000007a310000 - 0x000000007a325000 	C:\Program Files\MATLAB\R2013a\bin\win64\libmwbinder.dll
0x0000000005130000 - 0x000000000513b000 	C:\Program Files\MATLAB\R2013a\bin\win64\libmwompwrapper.dll
0x0000000075820000 - 0x000000007589e000 	C:\Program Files\MATLAB\R2013a\bin\win64\libmwlapack.dll
0x000000007a1b0000 - 0x000000007a1d0000 	C:\Program Files\MATLAB\R2013a\bin\win64\m_pcodeio.dll
0x0000000079b10000 - 0x0000000079b6c000 	C:\Program Files\MATLAB\R2013a\bin\win64\m_ir.dll
0x0000000078ed0000 - 0x0000000079579000 	C:\Program Files\MATLAB\R2013a\bin\win64\m_parser.dll
0x000000007a2f0000 - 0x000000007a307000 	C:\Program Files\MATLAB\R2013a\bin\win64\ir_xfmr.dll
0x0000000005140000 - 0x0000000005150000 	C:\Program Files\MATLAB\R2013a\bin\win64\mtok.dll
0x000000007a130000 - 0x000000007a158000 	C:\Program Files\MATLAB\R2013a\bin\win64\m_pcodegen.dll
0x0000000079fb0000 - 0x0000000079fdf000 	C:\Program Files\MATLAB\R2013a\bin\win64\libmwbridge.dll
0x0000000074f40000 - 0x0000000074ff6000 	C:\Program Files\MATLAB\R2013a\bin\win64\udd.dll
0x0000000073cc0000 - 0x0000000073e0e000 	C:\Program Files\MATLAB\R2013a\bin\win64\libmwgui.dll
0x000000007a1d0000 - 0x000000007a1f4000 	C:\Program Files\MATLAB\R2013a\bin\win64\graphics_util.dll
0x000007fede100000 - 0x000007fede1b8000 	C:\Program Files\MATLAB\R2013a\bin\win64\libtex_base.dll
0x0000000005150000 - 0x0000000005a93000 	C:\Program Files\MATLAB\R2013a\bin\win64\hg.dll
0x0000000076100000 - 0x000000007615a000 	C:\Program Files\MATLAB\R2013a\bin\win64\libmat.dll
0x0000000072d30000 - 0x0000000072f38000 	C:\Program Files\MATLAB\R2013a\bin\win64\hdf5dll.dll
0x0000000075710000 - 0x00000000757d8000 	C:\Program Files\MATLAB\R2013a\bin\win64\jmi.dll
0x0000000005ab0000 - 0x0000000005abe000 	C:\Program Files\MATLAB\R2013a\bin\win64\nativejava_services.dll
0x0000000005ac0000 - 0x0000000005b00000 	C:\Program Files\MATLAB\R2013a\bin\win64\libmwhardcopy.dll
0x0000000075c70000 - 0x0000000075cce000 	C:\Program Files\MATLAB\R2013a\bin\win64\libuij.dll
0x0000000072f50000 - 0x000000007318f000 	C:\Program Files\MATLAB\R2013a\bin\win64\hgdatatypes.dll
0x0000000005b00000 - 0x0000000005beb000 	C:\Program Files\MATLAB\R2013a\bin\win64\hgutils.dll
0x0000000005bf0000 - 0x0000000005c9e000 	C:\Program Files\MATLAB\R2013a\bin\win64\udd_mi.dll
0x0000000005ca0000 - 0x0000000005cd6000 	C:\Program Files\MATLAB\R2013a\bin\win64\libmwgbtutils.dll
0x0000000005ce0000 - 0x0000000005cf4000 	C:\Program Files\MATLAB\R2013a\bin\win64\libmwgbt.dll
0x0000000005d00000 - 0x0000000005fce000 	C:\Program Files\MATLAB\R2013a\bin\win64\uiw.dll
0x0000000005fd0000 - 0x0000000005fd9000 	C:\Program Files\MATLAB\R2013a\bin\win64\uinone.dll
0x0000000005fe0000 - 0x0000000006006000 	C:\Program Files\MATLAB\R2013a\bin\win64\libmwnativefiledialogs.dll
0x0000000006010000 - 0x000000000601c000 	C:\Program Files\MATLAB\R2013a\bin\win64\libmwplatform_res.dll
0x000007fef4a00000 - 0x000007fef4a18000 	C:\WINDOWS\system32\MPR.dll
0x0000000064240000 - 0x000000006479d000 	C:\Program Files\MATLAB\R2013a\bin\win64\mfc100.dll
0x000007fefab60000 - 0x000007fefab67000 	C:\WINDOWS\system32\MSIMG32.dll
0x000007fef4dc0000 - 0x000007fef4e31000 	C:\WINDOWS\system32\WINSPOOL.DRV
0x0000000006020000 - 0x000000000603d000 	C:\Program Files\MATLAB\R2013a\bin\win64\mwoles05.DLL
0x0000000006040000 - 0x00000000060ac000 	C:\Program Files\MATLAB\R2013a\bin\win64\comcli.dll
0x000000006b5c0000 - 0x000000006b5eb000 	C:\Program Files\MATLAB\R2013a\bin\win64\ATL100.DLL
0x00000000060b0000 - 0x00000000060bc000 	C:\Program Files\MATLAB\R2013a\bin\win64\mlautoregister.dll
0x00000000060c0000 - 0x0000000006216000 	C:\Program Files\MATLAB\R2013a\bin\win64\mvm.dll
0x000007fefd940000 - 0x000007fefd96e000 	C:\WINDOWS\system32\IMM32.DLL
0x000007fefefa0000 - 0x000007feff0a9000 	C:\WINDOWS\system32\MSCTF.dll
0x0000000006240000 - 0x000000000624a000 	C:\WINDOWS\KATRK64.DLL
0x000007fefbec0000 - 0x000007fefbed1000 	C:\WINDOWS\system32\WTSAPI32.dll
0x000007fefaef0000 - 0x000007fefaf46000 	C:\WINDOWS\system32\UxTheme.dll
0x000007fefa990000 - 0x000007fefa9a8000 	C:\WINDOWS\system32\dwmapi.dll
0x000000006b940000 - 0x000000006b94d000 	C:\Program Files\MATLAB\R2013a\bin\win64\MFC100ENU.DLL

VM Arguments:
jvm_args: -XX:PermSize=32m -Xms64m -XX:NewRatio=3 -XX:MaxPermSize=128m -Xmx196m -XX:MaxDirectMemorySize=2147400000 -Dsun.java2d.noddraw=true -Dsun.awt.nopixfmt=true -Xshare:off -Xrs -Dsun.awt.disableMixing=true -Djava.library.path=C:\Program Files\MATLAB\R2013a\bin\win64;C:\Program Files\MATLAB\R2013a\sys\jxbrowser\win64\lib vfprintf abort 
java_command: <unknown>
Launcher Type: generic

Environment Variables:
CLASSPATH=.;C:\Program Files (x86)\Java\jre7\lib\ext\QTJava.zip
PATH=C:\Program Files\Microsoft HPC Pack 2008 R2\Bin\;C:\SW\MSC_Patran_x64\20122\bin;C:\WINDOWS\TEMP\{BCC82B66-A638-44C2-8A83-7531F028B917}\program files\COSMOS Applications;C:\Program Files (x86)\NVIDIA Corporation\PhysX\Common;C:\Program Files (x86)\Common Files\Intel\Shared Libraries\redist\intel64\mpirt;C:\Program Files (x86)\Common Files\Intel\Shared Libraries\redist\intel64\compiler;C:\Program Files (x86)\Common Files\Intel\Shared Libraries\redist\ia32\mpirt;C:\Program Files (x86)\Common Files\Intel\Shared Libraries\redist\ia32\compiler;C:\WINDOWS\system32;C:\WINDOWS;C:\WINDOWS\System32\Wbem;C:\WINDOWS\System32\WindowsPowerShell\v1.0\;C:\Program Files\Microsoft\Web Platform Installer\;C:\Program Files (x86)\Microsoft ASP.NET\ASP.NET Web Pages\v1.0\;C:\Program Files (x86)\Windows Kits\8.0\Windows Performance Toolkit\;C:\Program Files\Microsoft SQL Server\110\Tools\Binn\;C:\Program Files\MIT\Kerberos\bin;C:\Program Files\OpenAFS\Common;C:\Program Files\OpenAFS\Client\Program;C:\Program Files (x86)\QuickTime\QTSystem\;C:\Program Files (x86)\IVI Foundation\IVI\bin;C:\Program Files\IVI Foundation\IVI\bin;C:\Program Files (x86)\IVI Foundation\VISA\WinNT\Bin\;C:\Program Files\IVI Foundation\VISA\Win64\Bin\;C:\Program Files (x86)\IVI Foundation\VISA\WinNT\Bin;C:\SW\MATLAB_R2013a_win32\runtime\win32;C:\SW\MATLAB_R2013a_win32\bin;C:\Program Files\MATLAB\R2013a\runtime\win64;C:\Program Files\MATLAB\R2013a\bin;C:\Program Files\TortoiseSVN\bin;C:\SW\Abaqus\Commands;C:\Program Files\Common Files\Autodesk Shared\;C:\Program Files (x86)\Microsoft Application Virtualization Client
USERNAME=spkumar
OS=Windows_NT
PROCESSOR_IDENTIFIER=Intel64 Family 6 Model 42 Stepping 7, GenuineIntel



---------------  S Y S T E M  ---------------

OS: Windows 7 Build 7601 Service Pack 1

CPU:total 4 (8 cores per cpu, 2 threads per core) family 6 model 42 stepping 7, cmov, cx8, fxsr, mmx, sse, sse2, sse3, ssse3, sse4.1, sse4.2, ht

Memory: 4k page, physical 8345664k(4999784k free), swap 16689468k(13078324k free)

vm_info: Java HotSpot(TM) 64-Bit Server VM (14.3-b01) for windows-amd64 JRE (1.6.0_17-b04), built on Oct 11 2009 00:46:08 by "java_re" with MS VC++ 8.0

time: Thu Dec 12 15:25:42 2013
elapsed time: 1871 seconds

