#
# A fatal error has been detected by the Java Runtime Environment:
#
#  EXCEPTION_ACCESS_VIOLATION (0xc0000005) at pc=0x00000000231b6748, pid=3240, tid=9628
#
# JRE version: 6.0_17-b04
# Java VM: Java HotSpot(TM) 64-Bit Server VM (14.3-b01 mixed mode windows-amd64 )
# Problematic frame:
# C  0x00000000231b6748
#
# If you would like to submit a bug report, please visit:
#   http://java.sun.com/webapps/bugreport/crash.jsp
# The crash happened outside the Java Virtual Machine in native code.
# See problematic frame for where to report the bug.
#

---------------  T H R E A D  ---------------

Current thread (0x0000000064775800):  JavaThread "Thread-5923" [_thread_in_native, id=9628, stack(0x0000000140030000,0x0000000144030000)]

siginfo: ExceptionCode=0xc0000005, reading address 0x0000000000000013

Registers:
EAX=0x00000000000202d2, EBX=0x0000000000000002, ECX=0x00000000202d2fd0, EDX=0x0000000000000008
ESP=0x000000014402e870, EBP=0x00000000202d2000, ESI=0x00000000202d2000, EDI=0x0000000000000000
EIP=0x00000000231b6748, EFLAGS=0x0000000000010202

Top of Stack: (sp=0x000000014402e870)
0x000000014402e870:   0000000000000000 000007fefe32d3f8
0x000000014402e880:   00000000004a047e 000000000417b618
0x000000014402e890:   00000000004a047e 000000000417b618
0x000000014402e8a0:   00000000004a047e 00000000040d0000
0x000000014402e8b0:   000000014402e9b0 00000000231b6c63
0x000000014402e8c0:   0000000000000002 00000000202d2fd0
0x000000014402e8d0:   000000014402e980 00000000040d0000
0x000000014402e8e0:   0000000000000000 000007fefe32cc0c
0x000000014402e8f0:   0000000000000008 00000000259819d0
0x000000014402e900:   0000000000000000 0000000076e15b54
0x000000014402e910:   000000014402ea00 0000000020264700
0x000000014402e920:   0000000000000000 000000014402ea50
0x000000014402e930:   00000000000004ae 000007fefe32ab96
0x000000014402e940:   0000000020264410 0000000000040600
0x000000014402e950:   00000000259819d0 0000000000000000
0x000000014402e960:   0000000020264498 0000f5c88b487017 

Instructions: (pc=0x00000000231b6748)
0x00000000231b6738:   00 75 28 49 8b 9c de d8 08 00 00 48 85 db 74 20
0x00000000231b6748:   0f b6 43 11 41 3b c0 75 17 41 83 f8 01 0f 85 80 


Stack: [0x0000000140030000,0x0000000144030000],  sp=0x000000014402e870,  free space=65530k
Native frames: (J=compiled Java code, j=interpreted, Vv=VM code, C=native code)
C  0x00000000231b6748

Java frames: (J=compiled Java code, j=interpreted, Vv=VM code)
j  com.mathworks.util.NativeJava.showNativeFileDialogMulti(JZLjava/lang/String;Ljava/lang/String;Ljava/lang/String;Ljava/lang/String;ZZLjava/lang/String;I)Ljava/lang/Object;+0
j  com.mathworks.mwswing.MJFileChooserPerPlatform$RunnableNativeDispatch.runNative()V+37
j  com.mathworks.mwswing.MJFileChooserPerPlatform$RunnableNativeDispatch.runWindows()V+22
j  com.mathworks.mwswing.MJFileChooserPerPlatform$RunnableNativeDispatch.run()V+7
j  java.lang.Thread.run()V+11
v  ~StubRoutines::call_stub

---------------  P R O C E S S  ---------------

Java Threads: ( => current thread )
  0x0000000065e35800 JavaThread "Code Analyzer updating thread" [_thread_blocked, id=8076, stack(0x0000000176330000,0x000000017a330000)]
=>0x0000000064775800 JavaThread "Thread-5923" [_thread_in_native, id=9628, stack(0x0000000140030000,0x0000000144030000)]
  0x000000006477d000 JavaThread "Code Analyzer updating thread" [_thread_blocked, id=8652, stack(0x000000011c000000,0x0000000120000000)]
  0x0000000065638800 JavaThread "Code Analyzer updating thread" [_thread_blocked, id=7508, stack(0x0000000128000000,0x000000012c000000)]
  0x0000000065636800 JavaThread "pool-2-thread-1" [_thread_blocked, id=3504, stack(0x000000013c000000,0x0000000140000000)]
  0x0000000065631800 JavaThread "Code Analyzer updating thread" [_thread_blocked, id=8208, stack(0x0000000118000000,0x000000011c000000)]
  0x000000006477e000 JavaThread "Code Analyzer updating thread" [_thread_blocked, id=528, stack(0x0000000108000000,0x000000010c000000)]
  0x0000000065635000 JavaThread "Code Analyzer updating thread" [_thread_blocked, id=7608, stack(0x0000000114000000,0x0000000118000000)]
  0x0000000065633800 JavaThread "pool-1-thread-1" [_thread_blocked, id=7504, stack(0x0000000110000000,0x0000000114000000)]
  0x000000006477b800 JavaThread "Code Analyzer updating thread" [_thread_blocked, id=3268, stack(0x000000010c000000,0x0000000110000000)]
  0x000000006477d800 JavaThread "Code Analyzer updating thread" [_thread_blocked, id=7896, stack(0x000000001a7d0000,0x000000001e7d0000)]
  0x0000000065637000 JavaThread "Prefs Updater" daemon [_thread_in_native, id=7352, stack(0x0000000124000000,0x0000000128000000)]
  0x0000000065638000 JavaThread "Foxtrot Single Worker Thread #1" daemon [_thread_blocked, id=6384, stack(0x00000000b4000000,0x00000000b8000000)]
  0x0000000065634800 JavaThread "pool-6-thread-1" [_thread_blocked, id=7080, stack(0x0000000138000000,0x000000013c000000)]
  0x0000000065633000 JavaThread "Timer-2" daemon [_thread_blocked, id=2180, stack(0x0000000134000000,0x0000000138000000)]
  0x0000000064773800 JavaThread "com.jniwrapper.NativeResourceCollector" daemon [_thread_blocked, id=1604, stack(0x00000000e4000000,0x00000000e8000000)]
  0x0000000064779000 JavaThread "Code Analyzer updating thread" [_thread_blocked, id=6232, stack(0x0000000104000000,0x0000000108000000)]
  0x0000000064778800 JavaThread "Active Reference Queue Daemon" daemon [_thread_blocked, id=8908, stack(0x0000000100000000,0x0000000104000000)]
  0x0000000064777800 JavaThread "Timer-1" daemon [_thread_blocked, id=8696, stack(0x00000000fc000000,0x0000000100000000)]
  0x0000000064777000 JavaThread "ClipboardMonitor Timer" daemon [_thread_blocked, id=8384, stack(0x00000000f8000000,0x00000000fc000000)]
  0x0000000064776800 JavaThread "Explorer NavigationContext request queue" daemon [_thread_blocked, id=2788, stack(0x00000000f4000000,0x00000000f8000000)]
  0x0000000064775000 JavaThread "AddressBar directory emptiness poller" daemon [_thread_blocked, id=6376, stack(0x00000000ec000000,0x00000000f0000000)]
  0x0000000064774000 JavaThread "Explorer Refresh Service 1875508862" daemon [_thread_blocked, id=7360, stack(0x00000000e8000000,0x00000000ec000000)]
  0x0000000064772800 JavaThread "Thread-4" daemon [_thread_blocked, id=8348, stack(0x00000000dc000000,0x00000000e0000000)]
  0x0000000064772000 JavaThread "TimerQueue" daemon [_thread_blocked, id=1380, stack(0x00000000d8000000,0x00000000dc000000)]
  0x0000000064771000 JavaThread "Thread-3" daemon [_thread_blocked, id=3700, stack(0x00000000c8000000,0x00000000cc000000)]
  0x0000000064770800 JavaThread "FelixPackageAdmin" daemon [_thread_blocked, id=1388, stack(0x00000000d4000000,0x00000000d8000000)]
  0x0000000064770000 JavaThread "FelixStartLevel" daemon [_thread_blocked, id=9024, stack(0x00000000d0000000,0x00000000d4000000)]
  0x000000006476f000 JavaThread "FelixDispatchQueue" daemon [_thread_blocked, id=9044, stack(0x00000000cc000000,0x00000000d0000000)]
  0x0000000064384000 JavaThread "AWT-EventQueue-0" [_thread_blocked, id=7140, stack(0x00000000c4000000,0x00000000c8000000)]
  0x000000006438e800 JavaThread "com.google.common.base.internal.Finalizer" daemon [_thread_blocked, id=6676, stack(0x00000000b8000000,0x00000000bc000000)]
  0x0000000064367000 JavaThread "AWT-Windows" daemon [_thread_in_native, id=3020, stack(0x00000000b0000000,0x00000000b4000000)]
  0x0000000064366000 JavaThread "AWT-Shutdown" [_thread_blocked, id=4500, stack(0x00000000ac000000,0x00000000b0000000)]
  0x0000000064363800 JavaThread "Java2D Disposer" daemon [_thread_blocked, id=7196, stack(0x00000000a8000000,0x00000000ac000000)]
  0x0000000063f2d000 JavaThread "Timer-0" [_thread_blocked, id=8304, stack(0x00000000a4000000,0x00000000a8000000)]
  0x0000000063e7e000 JavaThread "EventMgr Dispatcher" daemon [_thread_in_native, id=7892, stack(0x00000000a0000000,0x00000000a4000000)]
  0x000000000a44a000 JavaThread "Low Memory Detector" daemon [_thread_blocked, id=7956, stack(0x0000000098000000,0x000000009c000000)]
  0x000000000a445800 JavaThread "CompilerThread1" daemon [_thread_blocked, id=7828, stack(0x0000000094000000,0x0000000098000000)]
  0x000000000a441800 JavaThread "CompilerThread0" daemon [_thread_blocked, id=8180, stack(0x0000000090000000,0x0000000094000000)]
  0x000000000a43b800 JavaThread "Attach Listener" daemon [_thread_blocked, id=6392, stack(0x000000008c000000,0x0000000090000000)]
  0x000000000a3db800 JavaThread "Finalizer" daemon [_thread_blocked, id=6432, stack(0x0000000088000000,0x000000008c000000)]
  0x000000000a3da800 JavaThread "Reference Handler" daemon [_thread_blocked, id=6312, stack(0x0000000084000000,0x0000000088000000)]
  0x0000000006549800 JavaThread "main" [_thread_in_native, id=6300, stack(0x0000000000030000,0x0000000004030000)]

Other Threads:
  0x000000000a3d7800 VMThread [stack: 0x0000000080000000,0x0000000084000000] [id=7968]
  0x000000000a47d000 WatcherThread [stack: 0x000000009c000000,0x00000000a0000000] [id=7068]

VM state:not at safepoint (normal execution)

VM Mutex/Monitor currently owned by a thread: None

Heap
 PSYoungGen      total 15680K, used 14284K [0x000000004aad0000, 0x000000004c0f0000, 0x000000004dbd0000)
  eden space 12160K, 88% used [0x000000004aad0000,0x000000004b556fc0,0x000000004b6b0000)
  from space 3520K, 99% used [0x000000004b6b0000,0x000000004ba1c3d0,0x000000004ba20000)
  to   space 4224K, 0% used [0x000000004bcd0000,0x000000004bcd0000,0x000000004c0f0000)
 PSOldGen        total 138432K, used 130894K [0x00000000417d0000, 0x0000000049f00000, 0x000000004aad0000)
  object space 138432K, 94% used [0x00000000417d0000,0x00000000497a3a30,0x0000000049f00000)
 PSPermGen       total 131072K, used 78352K [0x00000000397d0000, 0x00000000417d0000, 0x00000000417d0000)
  object space 131072K, 59% used [0x00000000397d0000,0x000000003e454248,0x00000000417d0000)

Dynamic libraries:
0x0000000140000000 - 0x0000000140028000 	C:\Program Files\MATLAB\R2013a\bin\win64\MATLAB.exe
0x0000000077020000 - 0x00000000771c9000 	C:\WINDOWS\SYSTEM32\ntdll.dll
0x0000000076f00000 - 0x000000007701f000 	C:\WINDOWS\system32\kernel32.dll
0x000007fefd0f0000 - 0x000007fefd15b000 	C:\WINDOWS\system32\KERNELBASE.dll
0x0000000074460000 - 0x0000000074515000 	C:\Program Files\MATLAB\R2013a\bin\win64\libut.dll
0x00000000758a0000 - 0x000000007595f000 	C:\Program Files\MATLAB\R2013a\bin\win64\libmwi18n.dll
0x0000000180000000 - 0x000000018000d000 	C:\Program Files\MATLAB\R2013a\bin\win64\libmwresource_core.dll
0x000000006a370000 - 0x000000006a408000 	C:\Program Files\MATLAB\R2013a\bin\win64\MSVCP100.dll
0x000000006a130000 - 0x000000006a202000 	C:\Program Files\MATLAB\R2013a\bin\win64\MSVCR100.dll
0x000000006af20000 - 0x000000006af2e000 	C:\Program Files\MATLAB\R2013a\bin\win64\boost_date_time-vc100-mt-1_49.dll
0x000000006aef0000 - 0x000000006af1c000 	C:\Program Files\MATLAB\R2013a\bin\win64\boost_filesystem-vc100-mt-1_49.dll
0x000000006af30000 - 0x000000006af39000 	C:\Program Files\MATLAB\R2013a\bin\win64\boost_system-vc100-mt-1_49.dll
0x000007fefe1b0000 - 0x000007fefe28b000 	C:\WINDOWS\system32\ADVAPI32.dll
0x000007fefd690000 - 0x000007fefd72f000 	C:\WINDOWS\system32\msvcrt.dll
0x000007fefdc20000 - 0x000007fefdc3f000 	C:\WINDOWS\SYSTEM32\sechost.dll
0x000007fefd350000 - 0x000007fefd47d000 	C:\WINDOWS\system32\RPCRT4.dll
0x000000006a340000 - 0x000000006a365000 	C:\Program Files\MATLAB\R2013a\bin\win64\LIBEXPAT.dll
0x0000000068ff0000 - 0x000000006917a000 	C:\Program Files\MATLAB\R2013a\bin\win64\icuin49.dll
0x00000000691d0000 - 0x000000006930e000 	C:\Program Files\MATLAB\R2013a\bin\win64\icuuc49.dll
0x0000000062a10000 - 0x0000000063b32000 	C:\Program Files\MATLAB\R2013a\bin\win64\icudt49.dll
0x000000006ad90000 - 0x000000006ada0000 	C:\Program Files\MATLAB\R2013a\bin\win64\icuio49.dll
0x0000000073f70000 - 0x0000000074112000 	C:\Program Files\MATLAB\R2013a\bin\win64\libmwfl.dll
0x000000007a350000 - 0x000000007a737000 	C:\Program Files\MATLAB\R2013a\bin\win64\libmwMATLAB_res.dll
0x0000000068f10000 - 0x0000000068fef000 	C:\Program Files\MATLAB\R2013a\bin\win64\boost_regex-vc100-mt-1_49.dll
0x0000000076e00000 - 0x0000000076efa000 	C:\WINDOWS\system32\USER32.dll
0x000007fefe290000 - 0x000007fefe2f7000 	C:\WINDOWS\system32\GDI32.dll
0x000007feff160000 - 0x000007feff16e000 	C:\WINDOWS\system32\LPK.dll
0x000007fefd890000 - 0x000007fefd959000 	C:\WINDOWS\system32\USP10.dll
0x000000006ad70000 - 0x000000006ad81000 	C:\Program Files\MATLAB\R2013a\bin\win64\boost_signals-vc100-mt-1_49.dll
0x000000006ad50000 - 0x000000006ad61000 	C:\Program Files\MATLAB\R2013a\bin\win64\boost_thread-vc100-mt-1_49.dll
0x000007fef2590000 - 0x000007fef261c000 	C:\Program Files\MATLAB\R2013a\bin\win64\boost_log-vc100-mt-1_49.dll
0x00000000771f0000 - 0x00000000771f7000 	C:\WINDOWS\system32\PSAPI.DLL
0x000007fefde20000 - 0x000007fefde6d000 	C:\WINDOWS\system32\WS2_32.dll
0x000007fefe3c0000 - 0x000007fefe3c8000 	C:\WINDOWS\system32\NSI.dll
0x000007fefaa90000 - 0x000007fefaac3000 	C:\Program Files\MATLAB\R2013a\bin\win64\tbb.dll
0x000007fefe300000 - 0x000007fefe319000 	C:\WINDOWS\system32\imagehlp.dll
0x000007fef9a50000 - 0x000007fef9a7c000 	C:\WINDOWS\system32\POWRPROF.dll
0x000007fefdc40000 - 0x000007fefde17000 	C:\WINDOWS\system32\SETUPAPI.dll
0x000007fefd1b0000 - 0x000007fefd1e6000 	C:\WINDOWS\system32\CFGMGR32.dll
0x000007feff170000 - 0x000007feff247000 	C:\WINDOWS\system32\OLEAUT32.dll
0x000007fefd480000 - 0x000007fefd683000 	C:\WINDOWS\system32\ole32.dll
0x000007fefd170000 - 0x000007fefd18a000 	C:\WINDOWS\system32\DEVOBJ.dll
0x0000000004200000 - 0x0000000004221000 	C:\Program Files\MATLAB\R2013a\bin\win64\libmwmfl_scalar.dll
0x000007fef4a80000 - 0x000007fef4ba5000 	C:\WINDOWS\system32\dbghelp.dll
0x0000000004230000 - 0x000000000455f000 	C:\Program Files\MATLAB\R2013a\bin\win64\libmwservices.dll
0x0000000075a20000 - 0x0000000075b0b000 	C:\Program Files\MATLAB\R2013a\bin\win64\libmx.dll
0x000007fefaaf0000 - 0x000007fefab18000 	C:\Program Files\MATLAB\R2013a\bin\win64\tbbmalloc.dll
0x000000006a320000 - 0x000000006a337000 	C:\Program Files\MATLAB\R2013a\bin\win64\zlib1.dll
0x0000000004560000 - 0x00000000045ae000 	C:\Program Files\MATLAB\R2013a\bin\win64\libmwregexp.dll
0x0000000075f10000 - 0x0000000075f57000 	C:\Program Files\MATLAB\R2013a\bin\win64\mpath.dll
0x000000007b680000 - 0x000000007bc66000 	C:\Program Files\MATLAB\R2013a\bin\win64\mlutil.dll
0x00000000754d0000 - 0x0000000075547000 	C:\Program Files\MATLAB\R2013a\bin\win64\xmlcore.dll
0x0000000068130000 - 0x0000000068371000 	C:\Program Files\MATLAB\R2013a\bin\win64\xerces-c_2_7.dll
0x00000000045c0000 - 0x00000000045e2000 	C:\Program Files\MATLAB\R2013a\bin\win64\libmwMATLAB_settings_res.dll
0x000007fefa9a0000 - 0x000007fefa9b0000 	C:\Program Files\MATLAB\R2013a\bin\win64\boost_iostreams-vc100-mt-1_49.dll
0x000007fef3da0000 - 0x000007fef3de6000 	C:\Program Files\MATLAB\R2013a\bin\win64\boost_serialization-vc100-mt-1_49.dll
0x000007fefe3d0000 - 0x000007feff158000 	C:\WINDOWS\system32\SHELL32.dll
0x000007feff2b0000 - 0x000007feff321000 	C:\WINDOWS\system32\SHLWAPI.dll
0x00000000045f0000 - 0x00000000045f6000 	C:\Program Files\MATLAB\R2013a\bin\win64\libmwnativedisplay.dll
0x000007fef1000000 - 0x000007fef10a0000 	C:\WINDOWS\WinSxS\amd64_microsoft.windows.common-controls_6595b64144ccf1df_5.82.7601.18201_none_a4d3b9377117c3df\COMCTL32.dll
0x000007fefe320000 - 0x000007fefe3b7000 	C:\WINDOWS\system32\COMDLG32.dll
0x000007fefa900000 - 0x000007fefa916000 	C:\WINDOWS\system32\NETAPI32.dll
0x000007fefbfc0000 - 0x000007fefbfcc000 	C:\WINDOWS\system32\netutils.dll
0x000007fefcab0000 - 0x000007fefcad3000 	C:\WINDOWS\system32\srvcli.dll
0x000007fefa8e0000 - 0x000007fefa8f5000 	C:\WINDOWS\system32\wkscli.dll
0x0000000074970000 - 0x0000000074a18000 	C:\Program Files\MATLAB\R2013a\bin\win64\mcr.dll
0x0000000075000000 - 0x00000000753b1000 	C:\Program Files\MATLAB\R2013a\bin\win64\iqm.dll
0x0000000074e80000 - 0x0000000074f30000 	C:\Program Files\MATLAB\R2013a\bin\win64\m_dispatcher.dll
0x0000000004600000 - 0x0000000004e08000 	C:\Program Files\MATLAB\R2013a\bin\win64\m_interpreter.dll
0x0000000004e10000 - 0x0000000004e34000 	C:\Program Files\MATLAB\R2013a\bin\win64\libmex.dll
0x0000000075430000 - 0x00000000754ab000 	C:\Program Files\MATLAB\R2013a\bin\win64\profiler.dll
0x0000000004e40000 - 0x00000000050c3000 	C:\Program Files\MATLAB\R2013a\bin\win64\libmwmathutil.dll
0x0000000079f40000 - 0x0000000079f66000 	C:\Program Files\MATLAB\R2013a\bin\win64\libmwmathrng.dll
0x00000000050d0000 - 0x00000000050e0000 	C:\Program Files\MATLAB\R2013a\bin\win64\libmwmfl_rng.dll
0x0000000074c10000 - 0x0000000074cf8000 	C:\Program Files\MATLAB\R2013a\bin\win64\libmwmathcore.dll
0x0000000076160000 - 0x00000000761c3000 	C:\Program Files\MATLAB\R2013a\bin\win64\libmwspmatrix.dll
0x000000007b0a0000 - 0x000000007b2f6000 	C:\Program Files\MATLAB\R2013a\bin\win64\mcos.dll
0x0000000075ea0000 - 0x0000000075f02000 	C:\Program Files\MATLAB\R2013a\bin\win64\libmwcholmod.dll
0x00000000050f0000 - 0x00000000050fd000 	C:\Program Files\MATLAB\R2013a\bin\win64\libmwamd.dll
0x0000000005110000 - 0x00000000051b3000 	C:\WINDOWS\WinSxS\amd64_microsoft.vc90.crt_1fc8b3b9a1e18e3b_9.0.30729.6161_none_08e61857a83bc251\MSVCR90.dll
0x00000000051c0000 - 0x00000000051cc000 	C:\Program Files\MATLAB\R2013a\bin\win64\libmwcolamd.dll
0x000000007a290000 - 0x000000007a2a3000 	C:\Program Files\MATLAB\R2013a\bin\win64\libmwblas.dll
0x000000007a310000 - 0x000000007a325000 	C:\Program Files\MATLAB\R2013a\bin\win64\libmwbinder.dll
0x00000000051e0000 - 0x00000000051eb000 	C:\Program Files\MATLAB\R2013a\bin\win64\libmwompwrapper.dll
0x0000000075820000 - 0x000000007589e000 	C:\Program Files\MATLAB\R2013a\bin\win64\libmwlapack.dll
0x000000007a1b0000 - 0x000000007a1d0000 	C:\Program Files\MATLAB\R2013a\bin\win64\m_pcodeio.dll
0x0000000079b10000 - 0x0000000079b6c000 	C:\Program Files\MATLAB\R2013a\bin\win64\m_ir.dll
0x0000000078ed0000 - 0x0000000079579000 	C:\Program Files\MATLAB\R2013a\bin\win64\m_parser.dll
0x000000007a2f0000 - 0x000000007a307000 	C:\Program Files\MATLAB\R2013a\bin\win64\ir_xfmr.dll
0x00000000051f0000 - 0x0000000005200000 	C:\Program Files\MATLAB\R2013a\bin\win64\mtok.dll
0x000000007a130000 - 0x000000007a158000 	C:\Program Files\MATLAB\R2013a\bin\win64\m_pcodegen.dll
0x0000000079fb0000 - 0x0000000079fdf000 	C:\Program Files\MATLAB\R2013a\bin\win64\libmwbridge.dll
0x0000000074f40000 - 0x0000000074ff6000 	C:\Program Files\MATLAB\R2013a\bin\win64\udd.dll
0x0000000073cc0000 - 0x0000000073e0e000 	C:\Program Files\MATLAB\R2013a\bin\win64\libmwgui.dll
0x000000007a1d0000 - 0x000000007a1f4000 	C:\Program Files\MATLAB\R2013a\bin\win64\graphics_util.dll
0x000007fef07f0000 - 0x000007fef08a8000 	C:\Program Files\MATLAB\R2013a\bin\win64\libtex_base.dll
0x0000000005200000 - 0x0000000005b43000 	C:\Program Files\MATLAB\R2013a\bin\win64\hg.dll
0x0000000076100000 - 0x000000007615a000 	C:\Program Files\MATLAB\R2013a\bin\win64\libmat.dll
0x0000000072d30000 - 0x0000000072f38000 	C:\Program Files\MATLAB\R2013a\bin\win64\hdf5dll.dll
0x0000000075710000 - 0x00000000757d8000 	C:\Program Files\MATLAB\R2013a\bin\win64\jmi.dll
0x0000000005b60000 - 0x0000000005b6e000 	C:\Program Files\MATLAB\R2013a\bin\win64\nativejava_services.dll
0x0000000005b70000 - 0x0000000005bb0000 	C:\Program Files\MATLAB\R2013a\bin\win64\libmwhardcopy.dll
0x0000000075c70000 - 0x0000000075cce000 	C:\Program Files\MATLAB\R2013a\bin\win64\libuij.dll
0x0000000072f50000 - 0x000000007318f000 	C:\Program Files\MATLAB\R2013a\bin\win64\hgdatatypes.dll
0x0000000005bb0000 - 0x0000000005c9b000 	C:\Program Files\MATLAB\R2013a\bin\win64\hgutils.dll
0x0000000005ca0000 - 0x0000000005d4e000 	C:\Program Files\MATLAB\R2013a\bin\win64\udd_mi.dll
0x0000000005d50000 - 0x0000000005d86000 	C:\Program Files\MATLAB\R2013a\bin\win64\libmwgbtutils.dll
0x0000000005d90000 - 0x0000000005da4000 	C:\Program Files\MATLAB\R2013a\bin\win64\libmwgbt.dll
0x0000000005db0000 - 0x000000000607e000 	C:\Program Files\MATLAB\R2013a\bin\win64\uiw.dll
0x0000000006080000 - 0x0000000006089000 	C:\Program Files\MATLAB\R2013a\bin\win64\uinone.dll
0x0000000006090000 - 0x00000000060b6000 	C:\Program Files\MATLAB\R2013a\bin\win64\libmwnativefiledialogs.dll
0x00000000060c0000 - 0x00000000060cc000 	C:\Program Files\MATLAB\R2013a\bin\win64\libmwplatform_res.dll
0x000007fef4bb0000 - 0x000007fef4bc8000 	C:\WINDOWS\system32\MPR.dll
0x00000000675d0000 - 0x0000000067b2d000 	C:\Program Files\MATLAB\R2013a\bin\win64\mfc100.dll
0x000007fefaa30000 - 0x000007fefaa37000 	C:\WINDOWS\system32\MSIMG32.dll
0x000007fef9600000 - 0x000007fef9671000 	C:\WINDOWS\system32\WINSPOOL.DRV
0x00000000060d0000 - 0x00000000060ed000 	C:\Program Files\MATLAB\R2013a\bin\win64\mwoles05.DLL
0x00000000060f0000 - 0x000000000615c000 	C:\Program Files\MATLAB\R2013a\bin\win64\comcli.dll
0x000000006a100000 - 0x000000006a12b000 	C:\Program Files\MATLAB\R2013a\bin\win64\ATL100.DLL
0x0000000006160000 - 0x000000000616c000 	C:\Program Files\MATLAB\R2013a\bin\win64\mlautoregister.dll
0x0000000006170000 - 0x00000000062c6000 	C:\Program Files\MATLAB\R2013a\bin\win64\mvm.dll
0x000007fefdbf0000 - 0x000007fefdc1e000 	C:\WINDOWS\system32\IMM32.DLL
0x000007fefe0a0000 - 0x000007fefe1a9000 	C:\WINDOWS\system32\MSCTF.dll
0x00000000063f0000 - 0x00000000063fa000 	C:\WINDOWS\KATRK64.DLL
0x000007fefc940000 - 0x000007fefc951000 	C:\WINDOWS\system32\WTSAPI32.dll
0x000007fefb170000 - 0x000007fefb1c6000 	C:\WINDOWS\system32\UxTheme.dll
0x000007fefac10000 - 0x000007fefac28000 	C:\WINDOWS\system32\dwmapi.dll
0x000000006a5c0000 - 0x000000006a5cd000 	C:\Program Files\MATLAB\R2013a\bin\win64\MFC100ENU.DLL

VM Arguments:
jvm_args: -XX:PermSize=32m -Xms64m -XX:NewRatio=3 -XX:MaxPermSize=128m -Xmx196m -XX:MaxDirectMemorySize=2147400000 -Dsun.java2d.noddraw=true -Dsun.awt.nopixfmt=true -Xshare:off -Xrs -Dsun.awt.disableMixing=true -Djava.library.path=C:\Program Files\MATLAB\R2013a\bin\win64;C:\Program Files\MATLAB\R2013a\sys\jxbrowser\win64\lib vfprintf abort -XX:ParallelGCThreads=6 
java_command: <unknown>
Launcher Type: generic

Environment Variables:
CLASSPATH=.;C:\Program Files (x86)\Java\jre7\lib\ext\QTJava.zip
PATH=C:\Program Files\Microsoft HPC Pack 2008 R2\Bin\;C:\SW\MSC_Patran_x64\20122\bin;C:\WINDOWS\TEMP\{BCC82B66-A638-44C2-8A83-7531F028B917}\program files\COSMOS Applications;C:\Program Files (x86)\NVIDIA Corporation\PhysX\Common;C:\Program Files (x86)\Common Files\Intel\Shared Libraries\redist\intel64\mpirt;C:\Program Files (x86)\Common Files\Intel\Shared Libraries\redist\intel64\compiler;C:\Program Files (x86)\Common Files\Intel\Shared Libraries\redist\ia32\mpirt;C:\Program Files (x86)\Common Files\Intel\Shared Libraries\redist\ia32\compiler;C:\WINDOWS\system32;C:\WINDOWS;C:\WINDOWS\System32\Wbem;C:\WINDOWS\System32\WindowsPowerShell\v1.0\;C:\Program Files\Microsoft\Web Platform Installer\;C:\Program Files (x86)\Microsoft ASP.NET\ASP.NET Web Pages\v1.0\;C:\Program Files (x86)\Windows Kits\8.0\Windows Performance Toolkit\;C:\Program Files\Microsoft SQL Server\110\Tools\Binn\;C:\Program Files\MIT\Kerberos\bin;C:\Program Files\OpenAFS\Common;C:\Program Files\OpenAFS\Client\Program;C:\Program Files (x86)\QuickTime\QTSystem\;C:\Program Files (x86)\IVI Foundation\IVI\bin;C:\Program Files\IVI Foundation\IVI\bin;C:\Program Files (x86)\IVI Foundation\VISA\WinNT\Bin\;C:\Program Files\IVI Foundation\VISA\Win64\Bin\;C:\Program Files (x86)\IVI Foundation\VISA\WinNT\Bin;C:\SW\MATLAB_R2013a_win32\runtime\win32;C:\SW\MATLAB_R2013a_win32\bin;C:\Program Files\MATLAB\R2013a\runtime\win64;C:\Program Files\MATLAB\R2013a\bin;C:\Program Files\TortoiseSVN\bin;C:\SW\Abaqus\Commands;C:\Program Files\Common Files\Autodesk Shared\;C:\Program Files (x86)\Microsoft Application Virtualization Client
USERNAME=spkumar
OS=Windows_NT
PROCESSOR_IDENTIFIER=Intel64 Family 6 Model 60 Stepping 3, GenuineIntel



---------------  S Y S T E M  ---------------

OS: Windows 7 Build 7601 Service Pack 1

CPU:total 8 (8 cores per cpu, 2 threads per core) family 6 model 60 stepping 3, cmov, cx8, fxsr, mmx, sse, sse2, sse3, ssse3, sse4.1, sse4.2, ht

Memory: 4k page, physical 16721556k(10775232k free), swap 33441252k(26455836k free)

vm_info: Java HotSpot(TM) 64-Bit Server VM (14.3-b01) for windows-amd64 JRE (1.6.0_17-b04), built on Oct 11 2009 00:46:08 by "java_re" with MS VC++ 8.0

time: Wed Dec 11 00:52:10 2013
elapsed time: 44759 seconds

